Base path: C:/Program Files (x86)/Unity/Editor/Data
Pipe name: \\.\pipe\UnityShaderCompiler-1-9180
Cmd: getPlatforms
Cmd: compileSnippet
  api=5 type=0 insize=4808 outsize=3274 kw=DIRECTIONAL SHADOWS_OFF LIGHTMAP_OFF DIRLIGHTMAP_OFF ok=1
Cmd: compileSnippet
  api=9 type=0 insize=4808 outsize=4422 kw=DIRECTIONAL SHADOWS_OFF LIGHTMAP_OFF DIRLIGHTMAP_OFF VERTEXLIGHT_ON ok=1
Cmd: compileSnippet
  api=9 type=0 insize=4808 outsize=3912 kw=DIRECTIONAL SHADOWS_SCREEN SHADOWS_NATIVE LIGHTMAP_OFF DIRLIGHTMAP_OFF ok=1
Cmd: compileSnippet
  api=9 type=0 insize=4808 outsize=1886 kw=DIRECTIONAL SHADOWS_SCREEN SHADOWS_NATIVE LIGHTMAP_ON DIRLIGHTMAP_OFF ok=1
Cmd: compileSnippet
  api=9 type=1 insize=4808 outsize=7 kw=DIRECTIONAL SHADOWS_OFF LIGHTMAP_OFF DIRLIGHTMAP_OFF ok=1
Cmd: compileSnippet
  api=5 type=1 insize=4808 outsize=6 kw=DIRECTIONAL SHADOWS_SCREEN LIGHTMAP_ON DIRLIGHTMAP_OFF ok=1
Cmd: compileSnippet
  api=9 type=0 insize=2847 outsize=2652 kw=POINT ok=1
Cmd: compileSnippet
  api=9 type=0 insize=2847 outsize=2789 kw=POINT_COOKIE ok=1
Cmd: compileSnippet
  api=5 type=1 insize=2847 outsize=6 kw=POINT ok=1
Cmd: compileSnippet
  api=5 type=1 insize=2847 outsize=6 kw=SPOT ok=1
Cmd: compileSnippet
  api=5 type=1 insize=2847 outsize=6 kw=DIRECTIONAL_COOKIE ok=1
Cmd: compileSnippet
  api=8 type=0 insize=4808 outsize=3811 kw=DIRECTIONAL SHADOWS_OFF LIGHTMAP_OFF DIRLIGHTMAP_OFF ok=1
Cmd: compileSnippet
  api=1 type=0 insize=4808 outsize=190 kw=DIRECTIONAL SHADOWS_OFF LIGHTMAP_ON DIRLIGHTMAP_OFF ok=1
Cmd: compileSnippet
  api=0 type=0 insize=4808 outsize=1034 kw=DIRECTIONAL SHADOWS_SCREEN LIGHTMAP_OFF DIRLIGHTMAP_OFF ok=1
Cmd: compileSnippet
  api=1 type=0 insize=4808 outsize=319 kw=DIRECTIONAL SHADOWS_SCREEN LIGHTMAP_ON DIRLIGHTMAP_OFF ok=1
Cmd: compileSnippet
  api=0 type=0 insize=4808 outsize=1566 kw=DIRECTIONAL SHADOWS_OFF LIGHTMAP_OFF DIRLIGHTMAP_OFF VERTEXLIGHT_ON ok=1
Cmd: compileSnippet
  api=0 type=0 insize=4808 outsize=1693 kw=DIRECTIONAL SHADOWS_SCREEN LIGHTMAP_OFF DIRLIGHTMAP_OFF VERTEXLIGHT_ON ok=1
Cmd: compileSnippet
  api=8 type=0 insize=4808 outsize=7150 kw=DIRECTIONAL SHADOWS_SCREEN LIGHTMAP_OFF DIRLIGHTMAP_OFF VERTEXLIGHT_ON ok=1
Cmd: compileSnippet
  api=0 type=1 insize=4808 outsize=314 kw=DIRECTIONAL SHADOWS_OFF LIGHTMAP_ON DIRLIGHTMAP_OFF ok=1
Cmd: compileSnippet
  api=4 type=1 insize=4808 outsize=1128 kw=DIRECTIONAL SHADOWS_OFF LIGHTMAP_ON DIRLIGHTMAP_OFF ok=1
Cmd: compileSnippet
  api=0 type=1 insize=4808 outsize=535 kw=DIRECTIONAL SHADOWS_SCREEN LIGHTMAP_OFF DIRLIGHTMAP_OFF ok=1
Cmd: compileSnippet
  api=4 type=1 insize=4808 outsize=1672 kw=DIRECTIONAL SHADOWS_SCREEN LIGHTMAP_ON DIRLIGHTMAP_OFF ok=1
Cmd: compileSnippet
  api=0 type=0 insize=2847 outsize=817 kw=POINT ok=1
Cmd: compileSnippet
  api=8 type=0 insize=2847 outsize=2608 kw=DIRECTIONAL ok=1
Cmd: compileSnippet
  api=8 type=0 insize=2847 outsize=4128 kw=SPOT ok=1
Cmd: compileSnippet
  api=8 type=0 insize=2847 outsize=4128 kw=POINT_COOKIE ok=1
Cmd: compileSnippet
  api=8 type=0 insize=2847 outsize=3632 kw=DIRECTIONAL_COOKIE ok=1
Cmd: compileSnippet
  api=0 type=1 insize=2847 outsize=666 kw=POINT ok=1
Cmd: compileSnippet
  api=0 type=1 insize=2847 outsize=864 kw=SPOT ok=1
Cmd: compileSnippet
  api=1 type=1 insize=2847 outsize=586 kw=POINT_COOKIE ok=1
Cmd: compileSnippet
  api=8 type=1 insize=2847 outsize=2917 kw=POINT_COOKIE ok=1
